#
# A fatal error has been detected by the Java Runtime Environment:
#
#  Internal Error (javaClasses.cpp:136), pid=5928, tid=5216
#  fatal error: Invalid layout of preloaded class
#
# JRE version:  (7.0_79-b15) (build )
# Java VM: Java HotSpot(TM) 64-Bit Server VM (24.79-b02 mixed mode windows-amd64 compressed oops)
# Failed to write core dump. Minidumps are not enabled by default on client versions of Windows
#
# If you would like to submit a bug report, please visit:
#   http://bugreport.java.com/bugreport/crash.jsp
#

---------------  T H R E A D  ---------------

Current thread (0x000000000053e000):  JavaThread "Unknown thread" [_thread_in_vm, id=5216, stack(0x0000000002690000,0x0000000002790000)]

Stack: [0x0000000002690000,0x0000000002790000]

---------------  P R O C E S S  ---------------

Java Threads: ( => current thread )

Other Threads:

=>0x000000000053e000 (exited) JavaThread "Unknown thread" [_thread_in_vm, id=5216, stack(0x0000000002690000,0x0000000002790000)]

VM state:not at safepoint (not fully initialized)

VM Mutex/Monitor currently owned by a thread: None

GC Heap History (0 events):
No events

Deoptimization events (0 events):
No events

Internal exceptions (0 events):
No events

Events (10 events):
Event: 0.008 loading class 0x000000000255cd00 done
Event: 0.008 loading class 0x000000000255c700 done
Event: 0.008 loading class 0x000000000255c6e0
Event: 0.008 loading class 0x0000000002564850
Event: 0.008 loading class 0x0000000002564850 done
Event: 0.008 loading class 0x0000000002564880
Event: 0.008 loading class 0x0000000002564880 done
Event: 0.008 loading class 0x00000000025648b0
Event: 0.008 loading class 0x00000000025648b0 done
Event: 0.008 loading class 0x000000000255c6e0 done


Dynamic libraries:
0x000000013f520000 - 0x000000013f553000 	C:\Program Files\Java\jdk1.7.0_79\bin\javaw.exe
0x0000000077520000 - 0x00000000776cc000 	C:\Windows\SYSTEM32\ntdll.dll
0x0000000077400000 - 0x000000007751f000 	C:\Windows\system32\kernel32.dll
0x000007fefd570000 - 0x000007fefd5dc000 	C:\Windows\system32\KERNELBASE.dll
0x000007fefde60000 - 0x000007fefdf3b000 	C:\Windows\system32\ADVAPI32.dll
0x000007feff4b0000 - 0x000007feff54f000 	C:\Windows\system32\msvcrt.dll
0x000007feff260000 - 0x000007feff27f000 	C:\Windows\SYSTEM32\sechost.dll
0x000007feff100000 - 0x000007feff22e000 	C:\Windows\system32\RPCRT4.dll
0x0000000077300000 - 0x00000000773fa000 	C:\Windows\system32\USER32.dll
0x000007fefdb70000 - 0x000007fefdbd7000 	C:\Windows\system32\GDI32.dll
0x000007fefdd70000 - 0x000007fefdd7e000 	C:\Windows\system32\LPK.dll
0x000007feff3c0000 - 0x000007feff48a000 	C:\Windows\system32\USP10.dll
0x000007fefb890000 - 0x000007fefba84000 	C:\Windows\WinSxS\amd64_microsoft.windows.common-controls_6595b64144ccf1df_6.0.7600.16661_none_fa62ad231704eab7\COMCTL32.dll
0x000007feff7b0000 - 0x000007feff821000 	C:\Windows\system32\SHLWAPI.dll
0x000007feff230000 - 0x000007feff25e000 	C:\Windows\system32\IMM32.DLL
0x000007fefda60000 - 0x000007fefdb69000 	C:\Windows\system32\MSCTF.dll
0x000007fefd440000 - 0x000007fefd472000 	C:\Windows\system32\nvinitx.dll
0x000007fefd430000 - 0x000007fefd43c000 	C:\Windows\system32\VERSION.dll
0x000000000f000000 - 0x000000000f006000 	C:\Program Files\NVIDIA Corporation\CoProcManager\detoured.dll
0x000007fefa920000 - 0x000007fefa952000 	C:\Program Files\NVIDIA Corporation\CoProcManager\nvd3d9wrapx.dll
0x000007fefedf0000 - 0x000007fefefc7000 	C:\Windows\system32\SETUPAPI.dll
0x000007fefd5e0000 - 0x000007fefd616000 	C:\Windows\system32\CFGMGR32.dll
0x000007fefdd80000 - 0x000007fefde57000 	C:\Windows\system32\OLEAUT32.dll
0x000007fefd850000 - 0x000007fefda52000 	C:\Windows\system32\ole32.dll
0x000007fefd790000 - 0x000007fefd7aa000 	C:\Windows\system32\DEVOBJ.dll
0x000007fefa120000 - 0x000007fefa142000 	C:\Program Files\NVIDIA Corporation\CoProcManager\nvdxgiwrapx.dll
0x000000006abb0000 - 0x000000006ac82000 	C:\Program Files\Java\jdk1.7.0_79\jre\bin\msvcr100.dll
0x0000000069e00000 - 0x000000006a5d5000 	C:\Program Files\Java\jdk1.7.0_79\jre\bin\server\jvm.dll
0x000007feef090000 - 0x000007feef099000 	C:\Windows\system32\WSOCK32.dll
0x000007feff370000 - 0x000007feff3bd000 	C:\Windows\system32\WS2_32.dll
0x000007fefdd60000 - 0x000007fefdd68000 	C:\Windows\system32\NSI.dll
0x000007fefb270000 - 0x000007fefb2ab000 	C:\Windows\system32\WINMM.dll
0x00000000776f0000 - 0x00000000776f7000 	C:\Windows\system32\PSAPI.DLL
0x000000006c570000 - 0x000000006c57f000 	C:\Program Files\Java\jdk1.7.0_79\jre\bin\verify.dll
0x000000006b3f0000 - 0x000000006b418000 	C:\Program Files\Java\jdk1.7.0_79\jre\bin\java.dll
0x000000006b430000 - 0x000000006b445000 	C:\Program Files\Java\jdk1.7.0_79\jre\bin\zip.dll

VM Arguments:
jvm_args: -Dfile.encoding=GBK -Xbootclasspath:D:\Floyd_Space\Weapons\sdk\platforms\android-18\android.jar 
java_command: com.hevo.study.app.test.TestCase
Launcher Type: SUN_STANDARD

Environment Variables:
JAVA_HOME=C:\Program Files\Java\jdk1.7.0_79
PATH=C:/Program Files/Java/jdk1.7.0_79/bin/../jre/bin/server;C:/Program Files/Java/jdk1.7.0_79/bin/../jre/bin;C:/Program Files/Java/jdk1.7.0_79/bin/../jre/lib/amd64;C:\Program Files (x86)\NVIDIA Corporation\PhysX\Common;C:\Windows\system32;C:\Windows;C:\Windows\System32\Wbem;C:\Windows\System32\WindowsPowerShell\v1.0\;C:\Program Files\Java\jdk1.7.0_79\bin;C:\Program Files\Java\jdk1.7.0_79\jre\bin;C:\program files (x86)\skype\Phone\;C:\Program Files\TortoiseSVN\bin;D:\Floyd_Space\Weapons\Delphi7\Bin;D:\Floyd_Space\Weapons\Delphi7\Projects\Bpl;D:\Floyd_Space\Weapons\eclipse;
USERNAME=Administrator
OS=Windows_NT
PROCESSOR_IDENTIFIER=Intel64 Family 6 Model 60 Stepping 3, GenuineIntel



---------------  S Y S T E M  ---------------

OS: Windows 7 , 64 bit Build 7600 

CPU:total 4 (2 cores per cpu, 2 threads per core) family 6 model 60 stepping 3, cmov, cx8, fxsr, mmx, sse, sse2, sse3, ssse3, sse4.1, sse4.2, popcnt, aes, erms, ht, tsc, tscinvbit

Memory: 4k page, physical 3891972k(1089400k free), swap 7782040k(4229188k free)

vm_info: Java HotSpot(TM) 64-Bit Server VM (24.79-b02) for windows-amd64 JRE (1.7.0_79-b15), built on Apr 10 2015 12:36:16 by "java_re" with unknown MS VC++:1600

time: Wed Oct 21 13:00:26 2015
elapsed time: 0 seconds

